<?xml version="1.0" encoding="UTF-8"?>
<testng-results ignored="0" total="4" passed="3" failed="1" skipped="0">
  <reporter-output>
  </reporter-output>
  <suite started-at="2019-09-26T13:49:18Z" name="Default suite" finished-at="2019-09-26T13:49:40Z" duration-ms="21734">
    <groups>
    </groups>
    <test started-at="2019-09-26T13:49:18Z" name="Default test" finished-at="2019-09-26T13:49:40Z" duration-ms="21734">
      <class name="com.atmecs.TestScript.ValidateBlogs">
        <test-method is-config="true" signature="startReport()[pri:0, instance:com.atmecs.TestScript.ValidateBlogs@1460a8c0]" started-at="2019-09-26T19:19:17Z" name="startReport" finished-at="2019-09-26T19:19:18Z" duration-ms="744" status="PASS">
          <reporter-output>
          </reporter-output>
        </test-method> <!-- startReport -->
        <test-method is-config="true" signature="setup()[pri:0, instance:com.atmecs.TestScript.ValidateBlogs@1460a8c0]" started-at="2019-09-26T19:19:18Z" name="setup" finished-at="2019-09-26T19:19:26Z" duration-ms="7928" status="PASS">
          <reporter-output>
          </reporter-output>
        </test-method> <!-- setup -->
        <test-method signature="verifyFooter()[pri:0, instance:com.atmecs.TestScript.ValidateBlogs@1460a8c0]" started-at="2019-09-26T19:19:26Z" name="verifyFooter" finished-at="2019-09-26T19:19:27Z" duration-ms="1684" status="PASS">
          <reporter-output>
          </reporter-output>
        </test-method> <!-- verifyFooter -->
        <test-method is-config="true" signature="tearDown(org.testng.ITestResult)[pri:0, instance:com.atmecs.TestScript.ValidateBlogs@1460a8c0]" started-at="2019-09-26T19:19:27Z" name="tearDown" finished-at="2019-09-26T19:19:30Z" duration-ms="2374" status="PASS">
          <params>
            <param index="0">
              <value>
                <![CDATA[[TestResult name=verifyFooter status=SUCCESS method=ValidateFooter.verifyFooter()[pri:0, instance:com.atmecs.TestScript.ValidateBlogs@1460a8c0] output={null}]]]>
              </value>
            </param>
          </params>
          <reporter-output>
          </reporter-output>
        </test-method> <!-- tearDown -->
        <test-method signature="validateContextMenu()[pri:1, instance:com.atmecs.TestScript.ValidateBlogs@1460a8c0]" started-at="2019-09-26T19:19:30Z" name="validateContextMenu" finished-at="2019-09-26T19:19:32Z" duration-ms="2367" status="PASS">
          <reporter-output>
          </reporter-output>
        </test-method> <!-- validateContextMenu -->
        <test-method is-config="true" signature="tearDown(org.testng.ITestResult)[pri:0, instance:com.atmecs.TestScript.ValidateBlogs@1460a8c0]" started-at="2019-09-26T19:19:32Z" name="tearDown" finished-at="2019-09-26T19:19:34Z" duration-ms="2161" status="PASS">
          <params>
            <param index="0">
              <value>
                <![CDATA[[TestResult name=validateContextMenu status=SUCCESS method=ValidateFooter.validateContextMenu()[pri:1, instance:com.atmecs.TestScript.ValidateBlogs@1460a8c0] output={null}]]]>
              </value>
            </param>
          </params>
          <reporter-output>
          </reporter-output>
        </test-method> <!-- tearDown -->
        <test-method signature="validateBlogDate()[pri:2, instance:com.atmecs.TestScript.ValidateBlogs@1460a8c0]" started-at="2019-09-26T19:19:34Z" name="validateBlogDate" finished-at="2019-09-26T19:19:39Z" duration-ms="4311" status="FAIL">
          <exception class="java.time.format.DateTimeParseException">
            <message>
              <![CDATA[Text 'Mar 15 2019' could not be parsed: Unable to obtain LocalDateTime from TemporalAccessor: {},ISO resolved to 2019-03-15 of type java.time.format.Parsed]]>
            </message>
            <full-stacktrace>
              <![CDATA[java.time.format.DateTimeParseException: Text 'Mar 15 2019' could not be parsed: Unable to obtain LocalDateTime from TemporalAccessor: {},ISO resolved to 2019-03-15 of type java.time.format.Parsed
	at java.base/java.time.format.DateTimeFormatter.createError(DateTimeFormatter.java:2020)
	at java.base/java.time.format.DateTimeFormatter.parse(DateTimeFormatter.java:1955)
	at java.base/java.time.LocalDateTime.parse(LocalDateTime.java:492)
	at com.atmecs.Pages.ValidateBlogsDate.validateBlogsDate(ValidateBlogsDate.java:10)
	at com.atmecs.TestScript.ValidateBlogs.validateBlogDate(ValidateBlogs.java:21)
	at java.base/jdk.internal.reflect.NativeMethodAccessorImpl.invoke0(Native Method)
	at java.base/jdk.internal.reflect.NativeMethodAccessorImpl.invoke(NativeMethodAccessorImpl.java:62)
	at java.base/jdk.internal.reflect.DelegatingMethodAccessorImpl.invoke(DelegatingMethodAccessorImpl.java:43)
	at java.base/java.lang.reflect.Method.invoke(Method.java:567)
	at org.testng.internal.MethodInvocationHelper.invokeMethod(MethodInvocationHelper.java:108)
	at org.testng.internal.Invoker.invokeMethod(Invoker.java:661)
	at org.testng.internal.Invoker.invokeTestMethod(Invoker.java:869)
	at org.testng.internal.Invoker.invokeTestMethods(Invoker.java:1193)
	at org.testng.internal.TestMethodWorker.invokeTestMethods(TestMethodWorker.java:126)
	at org.testng.internal.TestMethodWorker.run(TestMethodWorker.java:109)
	at org.testng.TestRunner.privateRun(TestRunner.java:744)
	at org.testng.TestRunner.run(TestRunner.java:602)
	at org.testng.SuiteRunner.runTest(SuiteRunner.java:380)
	at org.testng.SuiteRunner.runSequentially(SuiteRunner.java:375)
	at org.testng.SuiteRunner.privateRun(SuiteRunner.java:340)
	at org.testng.SuiteRunner.run(SuiteRunner.java:289)
	at org.testng.SuiteRunnerWorker.runSuite(SuiteRunnerWorker.java:52)
	at org.testng.SuiteRunnerWorker.run(SuiteRunnerWorker.java:86)
	at org.testng.TestNG.runSuitesSequentially(TestNG.java:1301)
	at org.testng.TestNG.runSuitesLocally(TestNG.java:1226)
	at org.testng.TestNG.runSuites(TestNG.java:1144)
	at org.testng.TestNG.run(TestNG.java:1115)
	at org.testng.remote.AbstractRemoteTestNG.run(AbstractRemoteTestNG.java:132)
	at org.testng.remote.RemoteTestNG.initAndRun(RemoteTestNG.java:230)
	at org.testng.remote.RemoteTestNG.main(RemoteTestNG.java:76)
Caused by: java.time.DateTimeException: Unable to obtain LocalDateTime from TemporalAccessor: {},ISO resolved to 2019-03-15 of type java.time.format.Parsed
	at java.base/java.time.LocalDateTime.from(LocalDateTime.java:461)
	at java.base/java.time.format.Parsed.query(Parsed.java:235)
	at java.base/java.time.format.DateTimeFormatter.parse(DateTimeFormatter.java:1951)
	... 28 more
Caused by: java.time.DateTimeException: Unable to obtain LocalTime from TemporalAccessor: {},ISO resolved to 2019-03-15 of type java.time.format.Parsed
	at java.base/java.time.LocalTime.from(LocalTime.java:431)
	at java.base/java.time.LocalDateTime.from(LocalDateTime.java:457)
	... 30 more
]]>
            </full-stacktrace>
          </exception> <!-- java.time.format.DateTimeParseException -->
          <reporter-output>
          </reporter-output>
        </test-method> <!-- validateBlogDate -->
        <test-method is-config="true" signature="tearDown(org.testng.ITestResult)[pri:0, instance:com.atmecs.TestScript.ValidateBlogs@1460a8c0]" started-at="2019-09-26T19:19:39Z" name="tearDown" finished-at="2019-09-26T19:19:39Z" duration-ms="534" status="PASS">
          <params>
            <param index="0">
              <value>
                <![CDATA[[TestResult name=validateBlogDate status=FAILURE method=ValidateBlogs.validateBlogDate()[pri:2, instance:com.atmecs.TestScript.ValidateBlogs@1460a8c0] output={null}]]]>
              </value>
            </param>
          </params>
          <reporter-output>
          </reporter-output>
        </test-method> <!-- tearDown -->
        <test-method signature="validateBlogText()[pri:3, instance:com.atmecs.TestScript.ValidateBlogs@1460a8c0]" started-at="2019-09-26T19:19:39Z" name="validateBlogText" finished-at="2019-09-26T19:19:39Z" duration-ms="3" status="PASS">
          <reporter-output>
          </reporter-output>
        </test-method> <!-- validateBlogText -->
        <test-method is-config="true" signature="tearDown(org.testng.ITestResult)[pri:0, instance:com.atmecs.TestScript.ValidateBlogs@1460a8c0]" started-at="2019-09-26T19:19:39Z" name="tearDown" finished-at="2019-09-26T19:19:40Z" duration-ms="319" status="PASS">
          <params>
            <param index="0">
              <value>
                <![CDATA[[TestResult name=validateBlogText status=SUCCESS method=ValidateBlogs.validateBlogText()[pri:3, instance:com.atmecs.TestScript.ValidateBlogs@1460a8c0] output={null}]]]>
              </value>
            </param>
          </params>
          <reporter-output>
          </reporter-output>
        </test-method> <!-- tearDown -->
        <test-method is-config="true" signature="endReport()[pri:0, instance:com.atmecs.TestScript.ValidateBlogs@1460a8c0]" started-at="2019-09-26T19:19:40Z" name="endReport" finished-at="2019-09-26T19:19:42Z" duration-ms="2201" status="PASS">
          <reporter-output>
          </reporter-output>
        </test-method> <!-- endReport -->
      </class> <!-- com.atmecs.TestScript.ValidateBlogs -->
    </test> <!-- Default test -->
  </suite> <!-- Default suite -->
</testng-results>
